<?xml version="1.0" encoding="UTF-8"?>
<!-- Generated by org.testng.reporters.JUnitXMLReporter -->
<testsuite ignored="1" hostname="samikshak-ubuntu" failures="0" tests="6" name="Car Loan" time="0.083" errors="0" timestamp="2025-05-21T15:14:48 IST">
  <testcase classname="testng.Test3" name="mobileSignOutCarLoan" time="0.007"/>
  <testcase classname="testng.Test3" name="mobileSignOutCarLoan" time="0.003"/>
  <testcase classname="testng.Test3" name="mobileSignOutCarLoan" time="0.003"/>
  <testcase classname="testng.Test3" name="webLoginCarLoan" time="0.004"/>
  <testcase classname="testng.Test3" name="mobileLoginCarLoan" time="0.001"/>
  <testcase classname="testng.Test3" name="APICarLoan" time="0.002"/>
  <testcase classname="testng.Test3" name="mobileSigninCarLoan" time="0.0">
    <ignored/>
  </testcase> <!-- mobileSigninCarLoan -->
</testsuite> <!-- Car Loan -->
