<?xml version="1.0" encoding="UTF-8"?>
<!-- Generated by org.testng.reporters.JUnitXMLReporter -->
<testsuite ignored="1" hostname="samikshak-ubuntu" failures="0" tests="5" name="Personal Loan" time="0.108" errors="0" timestamp="2025-05-21T15:14:48 IST">
  <testcase classname="testng.Test1" name="demo" time="0.015"/>
  <testcase classname="testng.Test2" name="ploan" time="0.003"/>
  <testcase classname="testng.Test4" name="loginAPIHomeLoan" time="0.002"/>
  <testcase classname="testng.Test4" name="mobileLoginHomeLoan" time="0.003"/>
  <testcase classname="testng.Test4" name="webLoginHomeLoan" time="0.003"/>
  <testcase classname="testng.Test1" name="secondTest" time="0.0">
    <ignored/>
  </testcase> <!-- secondTest -->
</testsuite> <!-- Personal Loan -->
