<?xml version="1.0" encoding="UTF-8"?>
<!-- Generated by org.testng.reporters.JUnitXMLReporter -->
<testsuite ignored="8" hostname="samikshak-ubuntu" failures="0" tests="3" name="Regression" time="0.14" errors="0" timestamp="2025-05-17T13:15:17 IST">
  <testcase classname="testng.Test2" name="ploan" time="0.018"/>
  <testcase classname="testng.Test3" name="mobileLoginCarLoan" time="0.002"/>
  <testcase classname="testng.Test4" name="mobileLoginHomeLoan" time="0.004"/>
  <testcase classname="testng.Test3" name="mobileSignOutCarLoan" time="0.0">
    <ignored/>
  </testcase> <!-- mobileSignOutCarLoan -->
  <testcase classname="testng.Test3" name="mobileSigninCarLoan" time="0.0">
    <ignored/>
  </testcase> <!-- mobileSigninCarLoan -->
  <testcase classname="testng.Test4" name="loginAPIHomeLoan" time="0.0">
    <ignored/>
  </testcase> <!-- loginAPIHomeLoan -->
  <testcase classname="testng.Test3" name="APICarLoan" time="0.0">
    <ignored/>
  </testcase> <!-- APICarLoan -->
  <testcase classname="testng.Test1" name="secondTest" time="0.0">
    <ignored/>
  </testcase> <!-- secondTest -->
  <testcase classname="testng.Test1" name="demo" time="0.0">
    <ignored/>
  </testcase> <!-- demo -->
  <testcase classname="testng.Test4" name="webLoginHomeLoan" time="0.0">
    <ignored/>
  </testcase> <!-- webLoginHomeLoan -->
  <testcase classname="testng.Test3" name="webLoginCarLoan" time="0.0">
    <ignored/>
  </testcase> <!-- webLoginCarLoan -->
</testsuite> <!-- Regression -->
